[LOG] SystemI::init                            : FMOD Studio Version: 00010815 (82192)
[LOG] SystemI::init                            : maxchannels = 1024, flags = 00030000, extradriverdata = 0000000000000000
[LOG] SystemI::close                           : 
[LOG] SystemI::close                           : Stop all sounds
[LOG] SystemI::close                           : done.

[LOG] OutputWASAPI::init                       : Mix Format (WAVEFORMATEX): wFormatTag=0xFFFE, nChannels=2, nSamplesPerSec=48000, nAvgBytesPerSec=384000, nBlockAlign=8, wBitsPerSample=32, cbSize=22.
[LOG] OutputWASAPI::init                       : Mix Format (WAVEFORMATEXTENSIBLE): wValidBitsPerSample=32, dwChannelMask=0x00000003, SubFormat=00000003-0000-0010-8000-00AA00389B71.
[LOG] OutputWASAPI::init                       : Output buffer size: 4096 samples, latency: 0.00ms, period: 10.00ms, DSP buffer: 1024 * 4
[LOG] Thread::initThread                       : Initializing FMOD mixer thread.  priority 3
[LOG] Thread::initThread                       : - Stacksize 49152.  Stack pointer 0000000000000000 : usesemaphore = 0 : sleeptime = 0
[LOG] Thread::callback                         : * FMOD mixer thread started
[LOG] SystemI::init                            : Set up emulated output
[LOG] SystemI::init                            : create the channel pool
[LOG] Thread::initThread                       : Initializing FMOD stream thread.  priority 2
[LOG] Thread::initThread                       : - Stacksize 65536.  Stack pointer 0000000000000000 : usesemaphore = 0 : sleeptime = 10
[LOG] Thread::callback                         : * FMOD stream thread started
[LOG] Thread::initThread                       : Initializing FMOD Studio update thread.  priority 0
[LOG] Thread::initThread                       : - Stacksize 65536.  Stack pointer 0000000000000000 : usesemaphore = 0 : sleeptime = 1
[LOG] Thread::callback                         : * FMOD Studio update thread started
[LOG] Thread::initThread                       : Initializing FMOD Studio sample load thread.  priority 0
[LOG] Thread::initThread                       : - Stacksize 65536.  Stack pointer 0000000000000000 : usesemaphore = 0 : sleeptime = 1
[LOG] Thread::callback                         : * FMOD Studio sample load thread started
[LOG] LiveUpdate::init                         : 
[LOG] Thread::initThread                       : Initializing FMOD Studio bank load thread.  priority 0
[LOG] Thread::initThread                       : - Stacksize 65536.  Stack pointer 0000000000000000 : usesemaphore = 0 : sleeptime = 1
[LOG] Thread::callback                         : * FMOD Studio bank load thread started
[LOG] Profile::init                            : Profiler listening on port: 9264
[LOG] Manager::readBank                        : fileversion = 80, compatVersion = 70 (oldest = 44, newest = 80)
[LOG] Manager::readBank                        : fileversion = 80, compatVersion = 70 (oldest = 44, newest = 80)
[LOG] PlaybackSystem::acquireMasterBus         : Setting master channel group format to 6
[LOG] SystemI::createSoundInternal             : filename =  : mode 02000202
[LOG] SystemI::createSoundInternal             : exinfo->cbsize             = 232
[LOG] SystemI::createSoundInternal             : exinfo->length             = 1084032
[LOG] SystemI::createSoundInternal             : exinfo->fileoffset         = 25088
[LOG] SystemI::createSoundInternal             : exinfo->numsubsounds       = 1
[LOG] SystemI::createSoundInternal             : exinfo->inclusionlist      = 000000006135FB38
[LOG] SystemI::createSoundInternal             : exinfo->inclusionlistnum   = 1
[LOG] SystemI::createSoundInternal             : exinfo->suggestedsoundtype = 5
[LOG] SystemI::createSoundInternal             : exinfo->useropen           = 00007FFC77315130
[LOG] SystemI::createSoundInternal             : exinfo->userclose          = 00007FFC77315100
[LOG] SystemI::createSoundInternal             : exinfo->userread           = 00007FFC77315200
[LOG] SystemI::createSoundInternal             : exinfo->userseek           = 00007FFC773152B0
[LOG] SystemI::createSoundInternal             : exinfo->fileuserdata       = 000000002E08E9A8
[LOG] SystemI::createSoundInternal             : exinfo->initialseekpostype = 1
[LOG] SystemI::createSoundInternal             : Format has 1 subsounds.
[LOG] SystemI::createSoundInternal             : Create as FMOD_CREATESAMPLE
[LOG] SystemI::createSoundInternal             : Multi-sample sound (1 subsounds), create a sample container.
[LOG] SystemI::createSoundInternal             : creating subsound 0/1
[LOG] SystemI::createSample                    : mode 02000202 length 392324 samples, lengthbytes 87584
[LOG] SystemI::createSample                    : channels = 2
[LOG] SystemI::createSample                    : output = 000000002C2759A8
[LOG] OutputSoftware::createSample             : lengthpcm 392324, lengthbytes 87584, channels 2, format 2, freq 48000, mode 0200020a
[LOG] SystemI::createSoundInternal             : No name found in file, use filename.
[LOG] SystemI::createSoundInternal             : done.  OpenState now = FMOD_OPENSTATE_READY.

[LOG] SystemI::createSoundInternal             : filename =  : mode 02000202
[LOG] SystemI::createSoundInternal             : exinfo->cbsize             = 232
[LOG] SystemI::createSoundInternal             : exinfo->length             = 1084032
[LOG] SystemI::createSoundInternal             : exinfo->fileoffset         = 25088
[LOG] SystemI::createSoundInternal             : exinfo->numsubsounds       = 1
[LOG] SystemI::createSoundInternal             : exinfo->inclusionlist      = 000000006135FB38
[LOG] SystemI::createSoundInternal             : exinfo->inclusionlistnum   = 1
[LOG] SystemI::createSoundInternal             : exinfo->suggestedsoundtype = 5
[LOG] SystemI::createSoundInternal             : exinfo->useropen           = 00007FFC77315130
[LOG] SystemI::createSoundInternal             : exinfo->userclose          = 00007FFC77315100
[LOG] SystemI::createSoundInternal             : exinfo->userread           = 00007FFC77315200
[LOG] SystemI::createSoundInternal             : exinfo->userseek           = 00007FFC773152B0
[LOG] SystemI::createSoundInternal             : exinfo->fileuserdata       = 000000002E08E9A8
[LOG] SystemI::createSoundInternal             : exinfo->initialseekpostype = 1
[LOG] SystemI::createSoundInternal             : Format has 1 subsounds.
[LOG] SystemI::createSoundInternal             : Create as FMOD_CREATESAMPLE
[LOG] SystemI::createSoundInternal             : Multi-sample sound (1 subsounds), create a sample container.
[LOG] SystemI::createSoundInternal             : creating subsound 0/1
[LOG] SystemI::createSample                    : mode 02000202 length 392324 samples, lengthbytes 121056
[LOG] SystemI::createSample                    : channels = 2
[LOG] SystemI::createSample                    : output = 000000002C2759A8
[LOG] OutputSoftware::createSample             : lengthpcm 392324, lengthbytes 121056, channels 2, format 2, freq 48000, mode 0200020a
[LOG] SystemI::createSoundInternal             : No name found in file, use filename.
[LOG] SystemI::createSoundInternal             : done.  OpenState now = FMOD_OPENSTATE_READY.

[LOG] SystemI::createSoundInternal             : filename =  : mode 02000202
[LOG] SystemI::createSoundInternal             : exinfo->cbsize             = 232
[LOG] SystemI::createSoundInternal             : exinfo->length             = 1084032
[LOG] SystemI::createSoundInternal             : exinfo->fileoffset         = 25088
[LOG] SystemI::createSoundInternal             : exinfo->numsubsounds       = 1
[LOG] SystemI::createSoundInternal             : exinfo->inclusionlist      = 000000006135FB38
[LOG] SystemI::createSoundInternal             : exinfo->inclusionlistnum   = 1
[LOG] SystemI::createSoundInternal             : exinfo->suggestedsoundtype = 5
[LOG] SystemI::createSoundInternal             : exinfo->useropen           = 00007FFC77315130
[LOG] SystemI::createSoundInternal             : exinfo->userclose          = 00007FFC77315100
[LOG] SystemI::createSoundInternal             : exinfo->userread           = 00007FFC77315200
[LOG] SystemI::createSoundInternal             : exinfo->userseek           = 00007FFC773152B0
[LOG] SystemI::createSoundInternal             : exinfo->fileuserdata       = 000000002E08F228
[LOG] SystemI::createSoundInternal             : exinfo->initialseekpostype = 1
[LOG] SystemI::createSoundInternal             : Format has 1 subsounds.
[LOG] SystemI::createSoundInternal             : Create as FMOD_CREATESAMPLE
[LOG] SystemI::createSoundInternal             : Multi-sample sound (1 subsounds), create a sample container.
[LOG] SystemI::createSoundInternal             : creating subsound 0/1
[LOG] SystemI::createSample                    : mode 02000202 length 203128 samples, lengthbytes 48064
[LOG] SystemI::createSample                    : channels = 2
[LOG] SystemI::createSample                    : output = 000000002C2759A8
[LOG] OutputSoftware::createSample             : lengthpcm 203128, lengthbytes 48064, channels 2, format 2, freq 48000, mode 0200020a
[LOG] SystemI::createSoundInternal             : No name found in file, use filename.
[LOG] SystemI::createSoundInternal             : done.  OpenState now = FMOD_OPENSTATE_READY.

[LOG] SystemI::createSoundInternal             : filename =  : mode 02000202
[LOG] SystemI::createSoundInternal             : exinfo->cbsize             = 232
[LOG] SystemI::createSoundInternal             : exinfo->length             = 1084032
[LOG] SystemI::createSoundInternal             : exinfo->fileoffset         = 25088
[LOG] SystemI::createSoundInternal             : exinfo->numsubsounds       = 1
[LOG] SystemI::createSoundInternal             : exinfo->inclusionlist      = 000000006135FB38
[LOG] SystemI::createSoundInternal             : exinfo->inclusionlistnum   = 1
[LOG] SystemI::createSoundInternal             : exinfo->suggestedsoundtype = 5
[LOG] SystemI::createSoundInternal             : exinfo->useropen           = 00007FFC77315130
[LOG] SystemI::createSoundInternal             : exinfo->userclose          = 00007FFC77315100
[LOG] SystemI::createSoundInternal             : exinfo->userread           = 00007FFC77315200
[LOG] SystemI::createSoundInternal             : exinfo->userseek           = 00007FFC773152B0
[LOG] SystemI::createSoundInternal             : exinfo->fileuserdata       = 000000002E08F228
[LOG] SystemI::createSoundInternal             : exinfo->initialseekpostype = 1
[LOG] SystemI::createSoundInternal             : Format has 1 subsounds.
[LOG] SystemI::createSoundInternal             : Create as FMOD_CREATESAMPLE
[LOG] SystemI::createSoundInternal             : Multi-sample sound (1 subsounds), create a sample container.
[LOG] SystemI::createSoundInternal             : creating subsound 0/1
[LOG] SystemI::createSample                    : mode 02000202 length 62693 samples, lengthbytes 9984
[LOG] SystemI::createSample                    : channels = 2
[LOG] SystemI::createSample                    : output = 000000002C2759A8
[LOG] OutputSoftware::createSample             : lengthpcm 62693, lengthbytes 9984, channels 2, format 2, freq 48000, mode 0200020a
[LOG] SystemI::createSoundInternal             : No name found in file, use filename.
[LOG] SystemI::createSoundInternal             : done.  OpenState now = FMOD_OPENSTATE_READY.

[LOG] SystemI::createSoundInternal             : filename =  : mode 02000202
[LOG] SystemI::createSoundInternal             : exinfo->cbsize             = 232
[LOG] SystemI::createSoundInternal             : exinfo->length             = 1084032
[LOG] SystemI::createSoundInternal             : exinfo->fileoffset         = 25088
[LOG] SystemI::createSoundInternal             : exinfo->numsubsounds       = 1
[LOG] SystemI::createSoundInternal             : exinfo->inclusionlist      = 000000006135FB38
[LOG] SystemI::createSoundInternal             : exinfo->inclusionlistnum   = 1
[LOG] SystemI::createSoundInternal             : exinfo->suggestedsoundtype = 5
[LOG] SystemI::createSoundInternal             : exinfo->useropen           = 00007FFC77315130
[LOG] SystemI::createSoundInternal             : exinfo->userclose          = 00007FFC77315100
[LOG] SystemI::createSoundInternal             : exinfo->userread           = 00007FFC77315200
[LOG] SystemI::createSoundInternal             : exinfo->userseek           = 00007FFC773152B0
[LOG] SystemI::createSoundInternal             : exinfo->fileuserdata       = 000000002BED21F8
[LOG] SystemI::createSoundInternal             : exinfo->initialseekpostype = 1
[LOG] SystemI::createSoundInternal             : Format has 1 subsounds.
[LOG] SystemI::createSoundInternal             : Create as FMOD_CREATESAMPLE
[LOG] SystemI::createSoundInternal             : Multi-sample sound (1 subsounds), create a sample container.
[LOG] SystemI::createSoundInternal             : creating subsound 0/1
[LOG] SystemI::createSample                    : mode 02000202 length 285326 samples, lengthbytes 54720
[LOG] SystemI::createSample                    : channels = 2
[LOG] SystemI::createSample                    : output = 000000002C2759A8
[LOG] OutputSoftware::createSample             : lengthpcm 285326, lengthbytes 54720, channels 2, format 2, freq 48000, mode 0200020a
[LOG] SystemI::createSoundInternal             : No name found in file, use filename.
[LOG] SystemI::createSoundInternal             : done.  OpenState now = FMOD_OPENSTATE_READY.

[LOG] SystemI::createSoundInternal             : filename =  : mode 02000202
[LOG] SystemI::createSoundInternal             : exinfo->cbsize             = 232
[LOG] SystemI::createSoundInternal             : exinfo->length             = 1084032
[LOG] SystemI::createSoundInternal             : exinfo->fileoffset         = 25088
[LOG] SystemI::createSoundInternal             : exinfo->numsubsounds       = 1
[LOG] SystemI::createSoundInternal             : exinfo->inclusionlist      = 000000006135FB38
[LOG] SystemI::createSoundInternal             : exinfo->inclusionlistnum   = 1
[LOG] SystemI::createSoundInternal             : exinfo->suggestedsoundtype = 5
[LOG] SystemI::createSoundInternal             : exinfo->useropen           = 00007FFC77315130
[LOG] SystemI::createSoundInternal             : exinfo->userclose          = 00007FFC77315100
[LOG] SystemI::createSoundInternal             : exinfo->userread           = 00007FFC77315200
[LOG] SystemI::createSoundInternal             : exinfo->userseek           = 00007FFC773152B0
[LOG] SystemI::createSoundInternal             : exinfo->fileuserdata       = 000000002BED21F8
[LOG] SystemI::createSoundInternal             : exinfo->initialseekpostype = 1
[LOG] SystemI::createSoundInternal             : Format has 1 subsounds.
[LOG] SystemI::createSoundInternal             : Create as FMOD_CREATESAMPLE
[LOG] SystemI::createSoundInternal             : Multi-sample sound (1 subsounds), create a sample container.
[LOG] SystemI::createSoundInternal             : creating subsound 0/1
[LOG] SystemI::createSample                    : mode 02000202 length 566752 samples, lengthbytes 141120
[LOG] SystemI::createSample                    : channels = 2
[LOG] SystemI::createSample                    : output = 000000002C2759A8
[LOG] OutputSoftware::createSample             : lengthpcm 566752, lengthbytes 141120, channels 2, format 2, freq 48000, mode 0200020a
[LOG] SystemI::createSoundInternal             : No name found in file, use filename.
[LOG] SystemI::createSoundInternal             : done.  OpenState now = FMOD_OPENSTATE_READY.

[LOG] SystemI::createSoundInternal             : filename =  : mode 02000202
[LOG] SystemI::createSoundInternal             : exinfo->cbsize             = 232
[LOG] SystemI::createSoundInternal             : exinfo->length             = 1084032
[LOG] SystemI::createSoundInternal             : exinfo->fileoffset         = 25088
[LOG] SystemI::createSoundInternal             : exinfo->numsubsounds       = 1
[LOG] SystemI::createSoundInternal             : exinfo->inclusionlist      = 000000006135FB38
[LOG] SystemI::createSoundInternal             : exinfo->inclusionlistnum   = 1
[LOG] SystemI::createSoundInternal             : exinfo->suggestedsoundtype = 5
[LOG] SystemI::createSoundInternal             : exinfo->useropen           = 00007FFC77315130
[LOG] SystemI::createSoundInternal             : exinfo->userclose          = 00007FFC77315100
[LOG] SystemI::createSoundInternal             : exinfo->userread           = 00007FFC77315200
[LOG] SystemI::createSoundInternal             : exinfo->userseek           = 00007FFC773152B0
[LOG] SystemI::createSoundInternal             : exinfo->fileuserdata       = 000000002BED2418
[LOG] SystemI::createSoundInternal             : exinfo->initialseekpostype = 1
[LOG] SystemI::createSoundInternal             : Format has 1 subsounds.
[LOG] SystemI::createSoundInternal             : Create as FMOD_CREATESAMPLE
[LOG] SystemI::createSoundInternal             : Multi-sample sound (1 subsounds), create a sample container.
[LOG] SystemI::createSoundInternal             : creating subsound 0/1
[LOG] SystemI::createSample                    : mode 02000202 length 82418 samples, lengthbytes 15552
[LOG] SystemI::createSample                    : channels = 1
[LOG] SystemI::createSample                    : output = 000000002C2759A8
[LOG] OutputSoftware::createSample             : lengthpcm 82418, lengthbytes 15552, channels 1, format 2, freq 48000, mode 0200020a
[LOG] SystemI::createSoundInternal             : No name found in file, use filename.
[LOG] SystemI::createSoundInternal             : done.  OpenState now = FMOD_OPENSTATE_READY.

[LOG] SystemI::createSoundInternal             : filename =  : mode 02000202
[LOG] SystemI::createSoundInternal             : exinfo->cbsize             = 232
[LOG] SystemI::createSoundInternal             : exinfo->length             = 1084032
[LOG] SystemI::createSoundInternal             : exinfo->fileoffset         = 25088
[LOG] SystemI::createSoundInternal             : exinfo->numsubsounds       = 1
[LOG] SystemI::createSoundInternal             : exinfo->inclusionlist      = 000000006135FB38
[LOG] SystemI::createSoundInternal             : exinfo->inclusionlistnum   = 1
[LOG] SystemI::createSoundInternal             : exinfo->suggestedsoundtype = 5
[LOG] SystemI::createSoundInternal             : exinfo->useropen           = 00007FFC77315130
[LOG] SystemI::createSoundInternal             : exinfo->userclose          = 00007FFC77315100
[LOG] SystemI::createSoundInternal             : exinfo->userread           = 00007FFC77315200
[LOG] SystemI::createSoundInternal             : exinfo->userseek           = 00007FFC773152B0
[LOG] SystemI::createSoundInternal             : exinfo->fileuserdata       = 000000002BED2418
[LOG] SystemI::createSoundInternal             : exinfo->initialseekpostype = 1
[LOG] SystemI::createSoundInternal             : Format has 1 subsounds.
[LOG] SystemI::createSoundInternal             : Create as FMOD_CREATESAMPLE
[LOG] SystemI::createSoundInternal             : Multi-sample sound (1 subsounds), create a sample container.
[LOG] SystemI::createSoundInternal             : creating subsound 0/1
[LOG] SystemI::createSample                    : mode 02000202 length 94457 samples, lengthbytes 16672
[LOG] SystemI::createSample                    : channels = 1
[LOG] SystemI::createSample                    : output = 000000002C2759A8
[LOG] OutputSoftware::createSample             : lengthpcm 94457, lengthbytes 16672, channels 1, format 2, freq 48000, mode 0200020a
[LOG] SystemI::createSoundInternal             : No name found in file, use filename.
[LOG] SystemI::createSoundInternal             : done.  OpenState now = FMOD_OPENSTATE_READY.

[LOG] SystemI::createSoundInternal             : filename =  : mode 02000202
[LOG] SystemI::createSoundInternal             : exinfo->cbsize             = 232
[LOG] SystemI::createSoundInternal             : exinfo->length             = 1084032
[LOG] SystemI::createSoundInternal             : exinfo->fileoffset         = 25088
[LOG] SystemI::createSoundInternal             : exinfo->numsubsounds       = 1
[LOG] SystemI::createSoundInternal             : exinfo->inclusionlist      = 000000006135FB38
[LOG] SystemI::createSoundInternal             : exinfo->inclusionlistnum   = 1
[LOG] SystemI::createSoundInternal             : exinfo->suggestedsoundtype = 5
[LOG] SystemI::createSoundInternal             : exinfo->useropen           = 00007FFC77315130
[LOG] SystemI::createSoundInternal             : exinfo->userclose          = 00007FFC77315100
[LOG] SystemI::createSoundInternal             : exinfo->userread           = 00007FFC77315200
[LOG] SystemI::createSoundInternal             : exinfo->userseek           = 00007FFC773152B0
[LOG] SystemI::createSoundInternal             : exinfo->fileuserdata       = 000000002BED2418
[LOG] SystemI::createSoundInternal             : exinfo->initialseekpostype = 1
[LOG] SystemI::createSoundInternal             : Format has 1 subsounds.
[LOG] SystemI::createSoundInternal             : Create as FMOD_CREATESAMPLE
[LOG] SystemI::createSoundInternal             : Multi-sample sound (1 subsounds), create a sample container.
[LOG] SystemI::createSoundInternal             : creating subsound 0/1
[LOG] SystemI::createSample                    : mode 02000202 length 79288 samples, lengthbytes 18720
[LOG] SystemI::createSample                    : channels = 2
[LOG] SystemI::createSample                    : output = 000000002C2759A8
[LOG] OutputSoftware::createSample             : lengthpcm 79288, lengthbytes 18720, channels 2, format 2, freq 48000, mode 0200020a
[LOG] SystemI::createSoundInternal             : No name found in file, use filename.
[LOG] SystemI::createSoundInternal             : done.  OpenState now = FMOD_OPENSTATE_READY.

[LOG] SoundI::release                          :  (000000002BD43608)
[LOG] SoundI::release                          : release subsounds. (000000002BD43608)
[LOG] SoundI::release                          :     fuse (cut)-timestrech-0.5x (mp3cut.net) (000000002C7A97C8)
[LOG] SoundI::release                          : release codec. (000000002BD43608)
[LOG] SoundI::release                          :  (000000002BD42ED8)
[LOG] SoundI::release                          : release subsounds. (000000002BD42ED8)
[LOG] SoundI::release                          :     Alarm (000000002C7A8FF8)
[LOG] SoundI::release                          : release codec. (000000002BD42ED8)
[LOG] SoundI::release                          :  (000000002BD41948)
[LOG] SoundI::release                          : release subsounds. (000000002BD41948)
[LOG] SoundI::release                          :     Explosion (000000002C7AAC18)
[LOG] SoundI::release                          : release codec. (000000002BD41948)
[LOG] SoundI::release                          :  (000000002BD43048)
[LOG] SoundI::release                          : release subsounds. (000000002BD43048)
[LOG] SoundI::release                          :     Explosion2 (000000002C7A9E08)
[LOG] SoundI::release                          : release codec. (000000002BD43048)
[LOG] SoundI::release                          :  (000000002BD41AB8)
[LOG] SoundI::release                          : release subsounds. (000000002BD41AB8)
[LOG] SoundI::release                          :     Explosion3 (000000002C7A9F98)
[LOG] SoundI::release                          : release codec. (000000002BD41AB8)
[LOG] SoundI::release                          :  (000000002BD42D68)
[LOG] SoundI::release                          : release subsounds. (000000002BD42D68)
[LOG] SoundI::release                          :     electric sound effect (000000002C700028)
[LOG] SoundI::release                          : release codec. (000000002BD42D68)
[LOG] SoundI::release                          :  (000000002BD41D98)
[LOG] SoundI::release                          : release subsounds. (000000002BD41D98)
[LOG] SoundI::release                          :     AWP Shoot Sound Effect CS_GO (000000002C6FFE98)
[LOG] SoundI::release                          : release codec. (000000002BD41D98)
[LOG] SoundI::release                          :  (000000002BD42A88)
[LOG] SoundI::release                          : release subsounds. (000000002BD42A88)
[LOG] SoundI::release                          :     Menu Beat (000000002C7AC1F8)
[LOG] SoundI::release                          : release codec. (000000002BD42A88)
[LOG] SoundI::release                          :  (000000002BD43328)
[LOG] SoundI::release                          : release subsounds. (000000002BD43328)
[LOG] SoundI::release                          :     Menu (000000002C7AA5D8)
[LOG] SoundI::release                          : release codec. (000000002BD43328)
[LOG] Thread::callback                         : * FMOD Studio update thread finished
[LOG] Thread::close                            : FMOD Studio update thread thread destroyed
[LOG] Thread::callback                         : * FMOD Studio bank load thread finished
[LOG] Thread::close                            : FMOD Studio bank load thread thread destroyed
[LOG] Profile::disconnectAll                   : Profiler disconnecting all clients
[LOG] Thread::callback                         : * FMOD Studio sample load thread finished
[LOG] Thread::close                            : FMOD Studio sample load thread thread destroyed
[LOG] LiveUpdate::release                      : 
[LOG] LiveUpdate::reset                        : Reset connection (reason Disconnected)
[LOG] SystemI::close                           : 
[LOG] SystemI::close                           : Stop all sounds
[LOG] Thread::callback                         : * FMOD stream thread finished
[LOG] Thread::close                            : FMOD stream thread thread destroyed
[LOG] SystemI::close                           : Stream thread destroyed
[LOG] Thread::callback                         : * FMOD mixer thread finished
[LOG] Thread::close                            : FMOD mixer thread thread destroyed
[LOG] SystemI::close                           : Free master channel group.
[LOG] SystemI::close                           : Remove 'master' sound group.
[LOG] SystemI::close                           : Free software output.
[LOG] SystemI::close                           : Free emulated output.
[LOG] SystemI::close                           : Free channel pool.
[LOG] SystemI::close                           : done.

